<?xml version="1.0" encoding="UTF-8"?>
<testng-results ignored="0" total="1" passed="1" failed="0" skipped="0">
  <reporter-output>
  </reporter-output>
  <suite started-at="2019-05-27T08:56:04Z" name="Default suite" finished-at="2019-05-27T08:56:24Z" duration-ms="20909">
    <groups>
    </groups>
    <test started-at="2019-05-27T08:56:04Z" name="Default test" finished-at="2019-05-27T08:56:24Z" duration-ms="20909">
      <class name="qeemtee.admin.merchantPageTest">
        <test-method is-config="true" signature="setup()[pri:0, instance:qeemtee.admin.merchantPageTest@6d099323]" started-at="2019-05-27T08:56:04Z" name="setup" finished-at="2019-05-27T08:56:12Z" duration-ms="8150" status="PASS">
          <reporter-output>
          </reporter-output>
        </test-method> <!-- setup -->
        <test-method signature="addCategory()[pri:0, instance:qeemtee.admin.merchantPageTest@6d099323]" started-at="2019-05-27T08:56:12Z" name="addCategory" finished-at="2019-05-27T08:56:24Z" duration-ms="11993" status="PASS">
          <reporter-output>
          </reporter-output>
        </test-method> <!-- addCategory -->
        <test-method is-config="true" signature="browserclose()[pri:0, instance:qeemtee.admin.merchantPageTest@6d099323]" started-at="2019-05-27T08:56:24Z" name="browserclose" finished-at="2019-05-27T08:56:24Z" duration-ms="697" status="PASS">
          <reporter-output>
          </reporter-output>
        </test-method> <!-- browserclose -->
      </class> <!-- qeemtee.admin.merchantPageTest -->
    </test> <!-- Default test -->
  </suite> <!-- Default suite -->
</testng-results>
